<?xml version="1.0" encoding="UTF-8"?>
<!-- Generated by org.testng.reporters.JUnitReportReporter -->
<testsuite skipped="0" hostname="LAPTOP-HTJR39R3" name="TC003_GET_Request" tests="1" failures="0" timestamp="2019-10-19T20:14:43 IST" time="1.609" errors="0">
  <testcase name="googleMapTest" time="1.609" classname="TC003_GET_Request"/>
</testsuite> <!-- TC003_GET_Request -->
