<?xml version="1.0" encoding="UTF-8"?>
<!-- Generated by org.testng.reporters.JUnitReportReporter -->
<testsuite skipped="0" hostname="LAPTOP-HTJR39R3" name="datadriventesting.DataDrivenTest_AddNewEmployees" tests="4" failures="0" timestamp="2019-11-09T00:00:33 IST" time="5.412" errors="0">
  <testcase name="addNewEmployees" time="0.902" classname="datadriventesting.DataDrivenTest_AddNewEmployees"/>
  <testcase name="addNewEmployees" time="2.692" classname="datadriventesting.DataDrivenTest_AddNewEmployees"/>
  <testcase name="addNewEmployees" time="0.903" classname="datadriventesting.DataDrivenTest_AddNewEmployees"/>
  <testcase name="addNewEmployees" time="0.915" classname="datadriventesting.DataDrivenTest_AddNewEmployees"/>
</testsuite> <!-- datadriventesting.DataDrivenTest_AddNewEmployees -->
