<?xml version="1.0" encoding="UTF-8"?>
<!-- Generated by org.testng.reporters.JUnitReportReporter -->
<testsuite skipped="0" hostname="LAPTOP-HTJR39R3" name="TC006_GET_Request" tests="1" failures="0" timestamp="2019-10-20T19:29:20 IST" time="3.694" errors="0">
  <testcase name="getWeatherDetails" time="3.694" classname="TC006_GET_Request"/>
</testsuite> <!-- TC006_GET_Request -->
