<?xml version="1.0" encoding="UTF-8"?>
<!-- Generated by org.testng.reporters.JUnitReportReporter -->
<testsuite skipped="0" hostname="LAPTOP-HTJR39R3" name="TC001_GET_Request" tests="1" failures="0" timestamp="2019-10-19T19:58:47 IST" time="1.774" errors="0">
  <testcase name="getWeatherDetails" time="1.774" classname="TC001_GET_Request"/>
</testsuite> <!-- TC001_GET_Request -->
