<?xml version="1.0" encoding="UTF-8"?>
<!-- Generated by org.testng.reporters.JUnitReportReporter -->
<testsuite skipped="0" hostname="LAPTOP-HTJR39R3" name="TC007_GET_Request_Authentication" tests="1" failures="0" timestamp="2019-10-20T19:42:32 IST" time="2.344" errors="0">
  <testcase name="getRequestBasicAuthentication" time="2.344" classname="TC007_GET_Request_Authentication"/>
</testsuite> <!-- TC007_GET_Request_Authentication -->
