<?xml version="1.0" encoding="UTF-8"?>
<!-- Generated by org.testng.reporters.JUnitReportReporter -->
<testsuite skipped="0" hostname="LAPTOP-HTJR39R3" name="TC005_GET_Request" tests="1" failures="0" timestamp="2019-10-20T19:28:19 IST" time="2.869" errors="0">
  <testcase name="getWeatherDetails" time="2.869" classname="TC005_GET_Request"/>
</testsuite> <!-- TC005_GET_Request -->
