<?xml version="1.0" encoding="UTF-8"?>
<!-- Generated by org.testng.reporters.JUnitReportReporter -->
<testsuite skipped="0" hostname="LAPTOP-HTJR39R3" name="TC004_GET_Request" tests="1" failures="0" timestamp="2019-10-20T19:06:22 IST" time="2.770" errors="0">
  <testcase name="googleMapTest" time="2.770" classname="TC004_GET_Request"/>
</testsuite> <!-- TC004_GET_Request -->
