<?xml version="1.0" encoding="UTF-8"?>
<!-- Generated by org.testng.reporters.JUnitReportReporter -->
<testsuite skipped="0" hostname="LAPTOP-HTJR39R3" name="com.employeeapi.testCases.TC005_DELETE_Employee_Record" tests="5" failures="0" timestamp="2019-11-15T22:36:46 IST" time="0.006" errors="0">
  <testcase name="checkStatusCode" time="0.000" classname="com.employeeapi.testCases.TC005_DELETE_Employee_Record"/>
  <testcase name="checkResponseBody" time="0.002" classname="com.employeeapi.testCases.TC005_DELETE_Employee_Record"/>
  <testcase name="checkContentType" time="0.003" classname="com.employeeapi.testCases.TC005_DELETE_Employee_Record"/>
  <testcase name="checkResponseTime" time="0.000" classname="com.employeeapi.testCases.TC005_DELETE_Employee_Record"/>
  <testcase name="checkStatusLine" time="0.001" classname="com.employeeapi.testCases.TC005_DELETE_Employee_Record"/>
</testsuite> <!-- com.employeeapi.testCases.TC005_DELETE_Employee_Record -->
